<?xml version="1.0" encoding="UTF-8"?>
<!-- Generated by org.testng.reporters.JUnitReportReporter -->
<testsuite hostname="NANI" failures="0" tests="12" name="runners.TestRunner" time="180.552" errors="0" timestamp="2025-09-08T17:48:29 IST" skipped="0">
  <testcase classname="runners.TestRunner" name="runScenario" time="8.561"/>
  <testcase classname="runners.TestRunner" name="runScenario" time="12.696"/>
  <testcase classname="runners.TestRunner" name="runScenario" time="11.385"/>
  <testcase classname="runners.TestRunner" name="runScenario" time="15.170"/>
  <testcase classname="runners.TestRunner" name="runScenario" time="12.281"/>
  <testcase classname="runners.TestRunner" name="runScenario" time="14.459"/>
  <testcase classname="runners.TestRunner" name="runScenario" time="10.562"/>
  <testcase classname="runners.TestRunner" name="runScenario" time="25.250"/>
  <testcase classname="runners.TestRunner" name="runScenario" time="12.633"/>
  <testcase classname="runners.TestRunner" name="runScenario" time="25.510"/>
  <testcase classname="runners.TestRunner" name="runScenario" time="19.784"/>
  <testcase classname="runners.TestRunner" name="runScenario" time="12.261"/>
</testsuite> <!-- runners.TestRunner -->
