<?xml version="1.0" encoding="UTF-8"?>
<!-- Generated by org.testng.reporters.JUnitReportReporter -->
<testsuite hostname="NANI" failures="0" tests="16" name="runners.TestRunner" time="217.760" errors="0" timestamp="2025-09-08T19:09:43 IST" skipped="0">
  <testcase classname="runners.TestRunner" name="runScenario" time="11.030"/>
  <testcase classname="runners.TestRunner" name="runScenario" time="27.016"/>
  <testcase classname="runners.TestRunner" name="runScenario" time="20.619"/>
  <testcase classname="runners.TestRunner" name="runScenario" time="10.114"/>
  <testcase classname="runners.TestRunner" name="runScenario" time="9.199"/>
  <testcase classname="runners.TestRunner" name="runScenario" time="10.429"/>
  <testcase classname="runners.TestRunner" name="runScenario" time="8.833"/>
  <testcase classname="runners.TestRunner" name="runScenario" time="13.649"/>
  <testcase classname="runners.TestRunner" name="runScenario" time="11.382"/>
  <testcase classname="runners.TestRunner" name="runScenario" time="12.281"/>
  <testcase classname="runners.TestRunner" name="runScenario" time="25.398"/>
  <testcase classname="runners.TestRunner" name="runScenario" time="12.866"/>
  <testcase classname="runners.TestRunner" name="runScenario" time="12.516"/>
  <testcase classname="runners.TestRunner" name="runScenario" time="9.281"/>
  <testcase classname="runners.TestRunner" name="runScenario" time="14.016"/>
  <testcase classname="runners.TestRunner" name="runScenario" time="9.131"/>
</testsuite> <!-- runners.TestRunner -->
